<?xml version="1.0" encoding="UTF-8"?>
<!-- Generated by org.testng.reporters.JUnitReportReporter -->
<testsuite hostname="DESKTOP-8A1NGNK" failures="0" tests="1" name="com.dd.testcases.LoginTest" time="0.000" errors="0" timestamp="16 Dec 2021 11:19:06 GMT" skipped="1">
  <testcase classname="com.dd.testcases.LoginTest" name="testLoginAsManager" time="0.000">
    <skipped/>
  </testcase> <!-- testLoginAsManager -->
</testsuite> <!-- com.dd.testcases.LoginTest -->
